103.07.14 13:51 B V:\Web Sites\viva-uk\xmas\grafs\cartoonturkey.gif <-- Viva! /xmas/grafs cartoonturkey.gif
103.07.14 13:51 B V:\Web Sites\viva-uk\xmas\grafs\liveandlettxt.gif <-- Viva! /xmas/grafs liveandlettxt.gif
103.07.14 13:51 B V:\Web Sites\viva-uk\xmas\grafs\snowybgd.gif <-- Viva! /xmas/grafs snowybgd.gif
103.07.14 13:51 B V:\Web Sites\viva-uk\xmas\grafs\spacer.gif <-- Viva! /xmas/grafs spacer.gif
103.07.14 13:51 B V:\Web Sites\viva-uk\xmas\grafs\veggiemerryxmastxt.gif <-- Viva! /xmas/grafs veggiemerryxmastxt.gif
103.07.14 13:51 B V:\Web Sites\viva-uk\xmas\grafs\wines-chocs.jpg <-- Viva! /xmas/grafs wines-chocs.jpg
103.07.14 13:51 B V:\Web Sites\viva-uk\xmas\grafs\wobbleturkey.gif <-- Viva! /xmas/grafs wobbleturkey.gif
103.07.14 13:51 B V:\Web Sites\viva-uk\xmas\grafs\xmasmenu_01.gif <-- Viva! /xmas/grafs xmasmenu_01.gif
103.07.14 13:51 B V:\Web Sites\viva-uk\xmas\grafs\xmasmenu_02.gif <-- Viva! /xmas/grafs xmasmenu_02.gif
103.07.14 13:51 B V:\Web Sites\viva-uk\xmas\grafs\xmasmenu_03.gif <-- Viva! /xmas/grafs xmasmenu_03.gif
103.07.14 13:51 B V:\Web Sites\viva-uk\xmas\grafs\xmasmenu_04.gif <-- Viva! /xmas/grafs xmasmenu_04.gif
103.07.14 13:51 B V:\Web Sites\viva-uk\xmas\grafs\xmasmenu_05.gif <-- Viva! /xmas/grafs xmasmenu_05.gif
103.07.14 13:51 B V:\Web Sites\viva-uk\xmas\grafs\xmasmenu_06.gif <-- Viva! /xmas/grafs xmasmenu_06.gif
103.07.14 13:51 B V:\Web Sites\viva-uk\xmas\grafs\xmasmenu_07.gif <-- Viva! /xmas/grafs xmasmenu_07.gif
103.07.14 13:51 B V:\Web Sites\viva-uk\xmas\grafs\xmasmenu_07ro.gif <-- Viva! /xmas/grafs xmasmenu_07ro.gif
103.07.14 13:51 B V:\Web Sites\viva-uk\xmas\grafs\xmasmenu_08.gif <-- Viva! /xmas/grafs xmasmenu_08.gif
103.07.14 13:51 B V:\Web Sites\viva-uk\xmas\grafs\xmasmenu_08ro.gif <-- Viva! /xmas/grafs xmasmenu_08ro.gif
103.07.14 13:51 B V:\Web Sites\viva-uk\xmas\grafs\xmasmenu_09.gif <-- Viva! /xmas/grafs xmasmenu_09.gif
103.07.14 13:51 B V:\Web Sites\viva-uk\xmas\grafs\xmasmenu_09ro.gif <-- Viva! /xmas/grafs xmasmenu_09ro.gif
103.07.14 13:51 B V:\Web Sites\viva-uk\xmas\grafs\xmasmenu_10.gif <-- Viva! /xmas/grafs xmasmenu_10.gif
103.07.14 13:51 B V:\Web Sites\viva-uk\xmas\grafs\xmasmenu_11.gif <-- Viva! /xmas/grafs xmasmenu_11.gif
103.07.14 13:51 B V:\Web Sites\viva-uk\xmas\grafs\xmasmenu_12.gif <-- Viva! /xmas/grafs xmasmenu_12.gif
103.07.14 13:51 B V:\Web Sites\viva-uk\xmas\grafs\xmasmenu_14.gif <-- Viva! /xmas/grafs xmasmenu_14.gif
